d:\users\sldoa\source\repos\directxtutorial\directxtutorial\debug\vc142.pdb
d:\users\sldoa\source\repos\directxtutorial\directxtutorial\debug\vc142.idb
d:\users\sldoa\source\repos\directxtutorial\directxtutorial\debug\inputclass.obj
d:\users\sldoa\source\repos\directxtutorial\directxtutorial\debug\systemclass.obj
d:\users\sldoa\source\repos\directxtutorial\directxtutorial\debug\directxtutorial.obj
d:\users\sldoa\source\repos\directxtutorial\directxtutorial\debug\graphicsclass.obj
d:\users\sldoa\source\repos\directxtutorial\directxtutorial\debug\d3dclass.obj
d:\users\sldoa\source\repos\directxtutorial\directxtutorial\debug\text.obj
d:\users\sldoa\source\repos\directxtutorial\directxtutorial\debug\modelclass.obj
d:\users\sldoa\source\repos\directxtutorial\directxtutorial\debug\cameraclass.obj
d:\users\sldoa\source\repos\directxtutorial\directxtutorial\debug\textureclass.obj
d:\users\sldoa\source\repos\directxtutorial\directxtutorial\debug\lighthaderclass.obj
d:\users\sldoa\source\repos\directxtutorial\directxtutorial\debug\lightclass.obj
d:\users\sldoa\source\repos\directxtutorial\directxtutorial\debug\lightshaderclass.obj
d:\users\sldoa\source\repos\directxtutorial\directxtutorial\debug\textureshaderclass.obj
d:\users\sldoa\source\repos\directxtutorial\directxtutorial\debug\bitmapclass.obj
d:\users\sldoa\source\repos\directxtutorial\debug\directxtutorial.exe
d:\users\sldoa\source\repos\directxtutorial\debug\directxtutorial.ilk
d:\users\sldoa\source\repos\directxtutorial\debug\directxtutorial.pdb
d:\users\sldoa\source\repos\directxtutorial\directxtutorial\debug\directxtutorial.res
d:\users\sldoa\source\repos\directxtutorial\directxtutorial\debug\colorshaderclass.obj
d:\users\sldoa\source\repos\directxtutorial\directxtutorial\debug\directxtutorial.tlog\cl.command.1.tlog
d:\users\sldoa\source\repos\directxtutorial\directxtutorial\debug\directxtutorial.tlog\cl.read.1.tlog
d:\users\sldoa\source\repos\directxtutorial\directxtutorial\debug\directxtutorial.tlog\cl.write.1.tlog
d:\users\sldoa\source\repos\directxtutorial\directxtutorial\debug\directxtutorial.tlog\link.command.1.tlog
d:\users\sldoa\source\repos\directxtutorial\directxtutorial\debug\directxtutorial.tlog\link.read.1.tlog
d:\users\sldoa\source\repos\directxtutorial\directxtutorial\debug\directxtutorial.tlog\link.write.1.tlog
d:\users\sldoa\source\repos\directxtutorial\directxtutorial\debug\directxtutorial.tlog\rc.command.1.tlog
d:\users\sldoa\source\repos\directxtutorial\directxtutorial\debug\directxtutorial.tlog\rc.read.1.tlog
d:\users\sldoa\source\repos\directxtutorial\directxtutorial\debug\directxtutorial.tlog\rc.write.1.tlog
